{"level":"info","message":"Checking undefined river for available dates between 2023-03-02 and 2023-09-01","service":"user-service"}
{"level":"info","message":"Found available dates for undefined river","service":"user-service"}
{"level":"info","message":"undefined has available dates: ,,[object Object],[object Object],[object Object],[object Object]: link: https://www.recreation.gov/permits/250014/registration/detailed-availability","service":"user-service"}
{"level":"info","message":"Sent notification for undefined river","service":"user-service"}
{"level":"info","message":"Checking undefined river for available dates between 2023-03-02 and 2023-09-01","service":"user-service"}
{"level":"info","message":"Found available dates for undefined river","service":"user-service"}
{"level":"info","message":"undefined has available dates: ,,[object Object],[object Object],[object Object],[object Object]: link: https://www.recreation.gov/permits/250014/registration/detailed-availability","service":"user-service"}
{"level":"info","message":"Sent notification for undefined river","service":"user-service"}
{"level":"info","message":"Checking undefined river for available dates between 2023-06-01 and 2023-09-01","service":"user-service"}
{"level":"info","message":"Found available dates for undefined river","service":"user-service"}
{"level":"info","message":"undefined has available dates: , , : link: https://www.recreation.gov/permits/250014/registration/detailed-availability","service":"user-service"}
{"level":"info","message":"Sent notification for undefined river","service":"user-service"}
{"level":"info","message":"Checking undefined river for available dates between 2023-06-01 and 2023-09-01","service":"user-service"}
{"level":"info","message":"Checking undefined river for available dates between 2023-06-01 and 2023-09-01","service":"user-service"}
{"level":"info","message":"Checking undefined river for available dates between 2023-06-01 and 2023-09-01","service":"user-service"}
{"level":"info","message":"Checking Yampa/Ladore river for available dates between 2023-06-01 and 2023-09-01","service":"user-service"}
{"level":"info","message":"Checking Yampa/Ladore river for available dates between 2023-07-01 and 2023-09-01","service":"user-service"}
{"level":"info","message":"Checking Yampa/Ladore river for available dates between 2023-06-02 and 2023-09-01","service":"user-service"}
{"level":"info","message":"Checking Yampa/Ladore river for available dates between 2023-07-02 and 2023-09-01","service":"user-service"}
{"level":"info","message":"Checking Yampa/Ladore river for available dates between 2023-07-02 and 2023-09-01","service":"user-service"}
{"level":"info","message":"Checking Yampa/Ladore river for available dates between 2023-06-02 and 2023-09-01","service":"user-service"}
{"level":"info","message":"Checking Yampa/Ladore river for available dates between 2023-07-02 and 2023-09-01","service":"user-service"}
{"level":"info","message":"Checking Yampa/Ladore river for available dates between 2023-06-02 and 2023-09-01","service":"user-service"}
{"level":"info","message":"Checking Yampa/Ladore river for available dates between 2023-07-02 and 2023-09-01","service":"user-service"}
{"level":"info","message":"Checking Yampa/Ladore river for available dates between 2023-06-02 and 2023-09-01","service":"user-service"}
{"level":"info","message":"Checking Yampa/Ladore river for available dates between 2023-07-02 and 2023-09-01","service":"user-service"}
{"level":"info","message":"Checking Yampa/Ladore river for available dates between 2023-06-02 and 2023-09-01","service":"user-service"}
{"level":"info","message":"Checking Yampa/Ladore river for available dates between 2023-07-02 and 2023-09-01","service":"user-service"}
{"level":"info","message":"Checking Yampa/Ladore river for available dates between 2023-06-02 and 2023-09-01","service":"user-service"}
{"level":"info","message":"Checking Yampa/Ladore river for available dates between 2023-07-02 and 2023-09-01","service":"user-service"}
{"level":"info","message":"Checking Yampa/Ladore river for available dates between 2023-06-02 and 2023-09-01","service":"user-service"}
{"level":"info","message":"Checking Yampa/Ladore river for available dates between 2023-07-02 and 2023-09-01","service":"user-service"}
{"level":"info","message":"Checking Yampa/Ladore river for available dates between 2023-07-02 and 2023-09-01","service":"user-service"}
{"level":"info","message":"Checking Yampa/Ladore river for available dates between 2023-06-02 and 2023-09-01","service":"user-service"}
{"level":"info","message":"Checking Yampa/Ladore river for available dates between 2023-07-02 and 2023-09-01","service":"user-service"}
{"level":"info","message":"Checking Yampa/Ladore river for available dates between 2023-06-02 and 2023-09-01","service":"user-service"}
{"level":"info","message":"Checking Yampa/Ladore river for available dates between 2023-07-02 and 2023-09-01","service":"user-service"}
{"level":"info","message":"Checking Yampa/Ladore river for available dates between 2023-06-02 and 2023-09-01","service":"user-service"}
{"level":"info","message":"Checking Yampa/Ladore river for available dates between 2023-07-02 and 2023-09-01","service":"user-service"}
{"level":"info","message":"Checking Yampa/Ladore river for available dates between 2023-06-02 and 2023-09-01","service":"user-service"}
{"level":"info","message":"Checking Yampa/Ladore river for available dates between 2023-07-02 and 2023-09-01","service":"user-service"}
{"level":"info","message":"Checking Yampa/Ladore river for available dates between 2023-06-02 and 2023-09-01","service":"user-service"}
{"level":"info","message":"Checking Yampa/Ladore river for available dates between 2023-07-02 and 2023-09-01","service":"user-service"}
{"level":"info","message":"Checking Yampa/Ladore river for available dates between 2023-06-02 and 2023-09-01","service":"user-service"}
{"level":"info","message":"Checking Yampa/Ladore river for available dates between 2023-07-02 and 2023-09-01","service":"user-service"}
{"level":"info","message":"Checking Yampa/Ladore river for available dates between 2023-07-02 and 2023-09-01","service":"user-service"}
{"level":"info","message":"Checking Yampa/Ladore river for available dates between 2023-06-02 and 2023-09-01","service":"user-service"}
{"level":"info","message":"Checking Yampa/Ladore river for available dates between 2023-07-02 and 2023-09-01","service":"user-service"}
{"level":"info","message":"Checking Yampa/Ladore river for available dates between 2023-06-02 and 2023-09-01","service":"user-service"}
{"level":"info","message":"Checking Yampa/Ladore river for available dates between 2023-07-02 and 2023-09-01","service":"user-service"}
{"level":"info","message":"Checking Yampa/Ladore river for available dates between 2023-06-02 and 2023-09-01","service":"user-service"}
{"level":"info","message":"Checking Yampa/Ladore river for available dates between 2023-06-02 and 2023-09-01","service":"user-service"}
{"level":"info","message":"Checking Yampa/Ladore river for available dates between 2023-07-02 and 2023-09-01","service":"user-service"}
{"level":"info","message":"Checking Yampa/Ladore river for available dates between 2023-06-02 and 2023-09-01","service":"user-service"}
{"level":"info","message":"Checking Yampa/Ladore river for available dates between 2023-07-02 and 2023-09-01","service":"user-service"}
{"level":"info","message":"Checking Yampa/Ladore river for available dates between 2023-06-02 and 2023-09-01","service":"user-service"}
{"level":"info","message":"Checking Yampa/Ladore river for available dates between 2023-07-02 and 2023-09-01","service":"user-service"}
{"level":"info","message":"Checking Yampa/Ladore river for available dates between 2023-06-02 and 2023-09-01","service":"user-service"}
{"level":"info","message":"Checking Yampa/Ladore river for available dates between 2023-06-02 and 2023-09-01","service":"user-service"}
{"level":"info","message":"Checking Yampa/Ladore river for available dates between 2023-07-02 and 2023-09-01","service":"user-service"}
{"level":"info","message":"Checking Yampa/Ladore river for available dates between 2023-06-02 and 2023-09-01","service":"user-service"}
{"level":"info","message":"Checking Yampa/Ladore river for available dates between 2023-07-02 and 2023-09-01","service":"user-service"}
{"level":"info","message":"Checking Yampa/Ladore river for available dates between 2023-06-02 and 2023-09-01","service":"user-service"}
{"level":"info","message":"Checking Yampa/Ladore river for available dates between 2023-07-02 and 2023-09-01","service":"user-service"}
{"level":"info","message":"Checking Yampa/Ladore river for available dates between 2023-06-02 and 2023-09-01","service":"user-service"}
{"level":"info","message":"Checking Yampa/Ladore river for available dates between 2023-06-02 and 2023-09-01","service":"user-service"}
{"level":"info","message":"Checking Yampa/Ladore river for available dates between 2023-07-02 and 2023-09-01","service":"user-service"}
{"level":"info","message":"Checking Yampa/Ladore river for available dates between 2023-06-02 and 2023-09-01","service":"user-service"}
{"level":"info","message":"Checking Yampa/Ladore river for available dates between 2023-07-02 and 2023-09-01","service":"user-service"}
{"level":"info","message":"Checking Yampa/Ladore river for available dates between 2023-06-02 and 2023-09-01","service":"user-service"}
{"level":"info","message":"Checking Yampa/Ladore river for available dates between 2023-07-02 and 2023-09-01","service":"user-service"}
{"level":"info","message":"Checking Yampa/Ladore river for available dates between 2023-06-02 and 2023-09-01","service":"user-service"}
{"level":"info","message":"Checking Yampa/Ladore river for available dates between 2023-07-02 and 2023-09-01","service":"user-service"}
{"level":"info","message":"Checking Yampa/Ladore river for available dates between 2023-06-02 and 2023-09-01","service":"user-service"}
{"level":"info","message":"Checking Yampa/Ladore river for available dates between 2023-07-02 and 2023-09-01","service":"user-service"}
{"level":"info","message":"Checking Yampa/Ladore river for available dates between 2023-06-02 and 2023-09-01","service":"user-service"}
{"level":"info","message":"Checking Yampa/Ladore river for available dates between 2023-07-02 and 2023-09-01","service":"user-service"}
{"level":"info","message":"Checking Yampa/Ladore river for available dates between 2023-06-02 and 2023-09-01","service":"user-service"}
{"level":"info","message":"Checking Yampa/Ladore river for available dates between 2023-07-02 and 2023-09-01","service":"user-service"}
{"level":"info","message":"Checking Yampa/Ladore river for available dates between 2023-06-02 and 2023-09-01","service":"user-service"}
{"level":"info","message":"Checking Yampa/Ladore river for available dates between 2023-07-02 and 2023-09-01","service":"user-service"}
{"level":"info","message":"Checking Yampa/Ladore river for available dates between 2023-06-02 and 2023-09-01","service":"user-service"}
{"level":"info","message":"Checking Yampa/Ladore river for available dates between 2023-07-02 and 2023-09-01","service":"user-service"}
{"level":"info","message":"Checking Yampa/Ladore river for available dates between 2023-06-02 and 2023-09-01","service":"user-service"}
{"level":"info","message":"Checking Yampa/Ladore river for available dates between 2023-07-02 and 2023-09-01","service":"user-service"}
{"level":"info","message":"Checking Yampa/Ladore river for available dates between 2023-06-02 and 2023-09-01","service":"user-service"}
{"level":"info","message":"Checking Yampa/Ladore river for available dates between 2023-07-02 and 2023-09-01","service":"user-service"}
{"level":"info","message":"Checking Yampa/Ladore river for available dates between 2023-06-02 and 2023-09-01","service":"user-service"}
{"level":"info","message":"Checking Yampa/Ladore river for available dates between 2023-07-02 and 2023-09-01","service":"user-service"}
{"level":"info","message":"Checking Yampa/Ladore river for available dates between 2023-06-02 and 2023-09-01","service":"user-service"}
{"level":"info","message":"Checking Yampa/Ladore river for available dates between 2023-07-02 and 2023-09-01","service":"user-service"}
{"level":"info","message":"Checking Yampa/Ladore river for available dates between 2023-07-02 and 2023-09-01","service":"user-service"}
{"level":"info","message":"Checking Yampa/Ladore river for available dates between 2023-06-02 and 2023-09-01","service":"user-service"}
{"level":"info","message":"Checking Yampa/Ladore river for available dates between 2023-07-02 and 2023-09-01","service":"user-service"}
{"level":"info","message":"Checking Yampa/Ladore river for available dates between 2023-06-02 and 2023-09-01","service":"user-service"}
{"level":"info","message":"Checking Yampa/Ladore river for available dates between 2023-07-02 and 2023-09-01","service":"user-service"}
{"level":"info","message":"Checking Yampa/Ladore river for available dates between 2023-07-02 and 2023-09-01","service":"user-service"}
{"level":"info","message":"Checking Yampa/Ladore river for available dates between 2023-06-02 and 2023-09-01","service":"user-service"}
{"level":"info","message":"Checking Yampa/Ladore river for available dates between 2023-07-02 and 2023-09-01","service":"user-service"}
{"level":"info","message":"Checking Yampa/Ladore river for available dates between 2023-06-02 and 2023-09-01","service":"user-service"}
{"level":"info","message":"Checking Yampa/Ladore river for available dates between 2023-07-02 and 2023-09-01","service":"user-service"}
{"level":"info","message":"Checking Yampa/Ladore river for available dates between 2023-06-02 and 2023-09-01","service":"user-service"}
{"level":"info","message":"Checking Yampa/Ladore river for available dates between 2023-06-02 and 2023-09-01","service":"user-service"}
{"level":"info","message":"Checking Yampa/Ladore river for available dates between 2023-07-02 and 2023-09-01","service":"user-service"}
{"level":"info","message":"Checking Yampa/Ladore river for available dates between 2023-07-02 and 2023-09-01","service":"user-service"}
{"level":"info","message":"Checking Yampa/Ladore river for available dates between 2023-06-02 and 2023-09-01","service":"user-service"}
{"level":"info","message":"Checking Yampa/Ladore river for available dates between 2023-07-02 and 2023-09-01","service":"user-service"}
{"level":"info","message":"Checking Yampa/Ladore river for available dates between 2023-07-02 and 2023-09-01","service":"user-service"}
{"level":"info","message":"Checking Yampa/Ladore river for available dates between 2023-06-02 and 2023-09-01","service":"user-service"}
{"level":"info","message":"Checking Yampa/Ladore river for available dates between 2023-07-02 and 2023-09-01","service":"user-service"}
{"level":"info","message":"Checking Yampa/Ladore river for available dates between 2023-06-02 and 2023-09-01","service":"user-service"}
{"level":"info","message":"Checking Yampa/Ladore river for available dates between 2023-07-02 and 2023-09-01","service":"user-service"}
{"level":"info","message":"Checking Yampa/Ladore river for available dates between 2023-07-02 and 2023-09-01","service":"user-service"}
{"level":"info","message":"Checking Yampa/Ladore river for available dates between 2023-06-02 and 2023-09-01","service":"user-service"}
{"level":"info","message":"Checking Yampa/Ladore river for available dates between 2023-07-02 and 2023-09-01","service":"user-service"}
{"level":"info","message":"Checking Yampa/Ladore river for available dates between 2023-06-02 and 2023-09-01","service":"user-service"}
{"level":"info","message":"Checking Yampa/Ladore river for available dates between 2023-06-02 and 2023-09-01","service":"user-service"}
{"level":"info","message":"Checking Yampa/Ladore river for available dates between 2023-07-02 and 2023-09-01","service":"user-service"}
{"level":"info","message":"Checking Yampa/Ladore river for available dates between 2023-06-02 and 2023-09-01","service":"user-service"}
{"level":"info","message":"Checking Yampa/Ladore river for available dates between 2023-07-02 and 2023-09-01","service":"user-service"}
{"level":"info","message":"Checking Yampa/Ladore river for available dates between 2023-06-02 and 2023-09-01","service":"user-service"}
{"level":"info","message":"Checking Yampa/Ladore river for available dates between 2023-07-02 and 2023-09-01","service":"user-service"}
{"level":"info","message":"Checking Yampa/Ladore river for available dates between 2023-07-02 and 2023-09-01","service":"user-service"}
{"level":"info","message":"Checking Yampa/Ladore river for available dates between 2023-06-02 and 2023-09-01","service":"user-service"}
{"level":"info","message":"Checking Yampa/Ladore river for available dates between 2023-06-02 and 2023-09-01","service":"user-service"}
{"level":"info","message":"Checking Yampa/Ladore river for available dates between 2023-07-02 and 2023-09-01","service":"user-service"}
{"level":"info","message":"Checking Yampa/Ladore river for available dates between 2023-06-02 and 2023-09-01","service":"user-service"}
{"level":"info","message":"Checking Yampa/Ladore river for available dates between 2023-07-02 and 2023-09-01","service":"user-service"}
{"level":"info","message":"Checking Yampa/Ladore river for available dates between 2023-07-02 and 2023-09-01","service":"user-service"}
{"level":"info","message":"Checking Yampa/Ladore river for available dates between 2023-06-02 and 2023-09-01","service":"user-service"}
{"level":"info","message":"Checking Yampa/Ladore river for available dates between 2023-07-02 and 2023-09-01","service":"user-service"}
{"level":"info","message":"Checking Yampa/Ladore river for available dates between 2023-06-02 and 2023-09-01","service":"user-service"}
{"level":"info","message":"Checking Yampa/Ladore river for available dates between 2023-07-02 and 2023-09-01","service":"user-service"}
{"level":"info","message":"Checking Yampa/Ladore river for available dates between 2023-06-02 and 2023-09-01","service":"user-service"}
{"level":"info","message":"Checking Yampa/Ladore river for available dates between 2023-07-02 and 2023-09-01","service":"user-service"}
{"level":"info","message":"Checking Yampa/Ladore river for available dates between 2023-06-02 and 2023-09-01","service":"user-service"}
{"level":"info","message":"Checking Yampa/Ladore river for available dates between 2023-06-02 and 2023-09-01","service":"user-service"}
{"level":"info","message":"Checking Yampa/Ladore river for available dates between 2023-07-02 and 2023-09-01","service":"user-service"}
{"level":"info","message":"Checking Yampa/Ladore river for available dates between 2023-06-02 and 2023-09-01","service":"user-service"}
{"level":"info","message":"Checking Yampa/Ladore river for available dates between 2023-07-02 and 2023-09-01","service":"user-service"}
{"level":"info","message":"Checking Yampa/Ladore river for available dates between 2023-07-02 and 2023-09-01","service":"user-service"}
{"level":"info","message":"Checking Yampa/Ladore river for available dates between 2023-06-02 and 2023-09-01","service":"user-service"}
{"level":"info","message":"Checking Yampa/Ladore river for available dates between 2023-06-02 and 2023-09-01","service":"user-service"}
{"level":"info","message":"Checking Yampa/Ladore river for available dates between 2023-07-02 and 2023-09-01","service":"user-service"}
{"level":"info","message":"Checking Yampa/Ladore river for available dates between 2023-06-02 and 2023-09-01","service":"user-service"}
{"level":"info","message":"Checking Yampa/Ladore river for available dates between 2023-06-02 and 2023-09-01","service":"user-service"}
{"level":"info","message":"Checking Yampa/Ladore river for available dates between 2023-07-02 and 2023-09-01","service":"user-service"}
{"level":"info","message":"Checking Yampa/Ladore river for available dates between 2023-06-02 and 2023-09-01","service":"user-service"}
{"level":"info","message":"Checking Yampa/Ladore river for available dates between 2023-07-02 and 2023-09-01","service":"user-service"}
{"level":"info","message":"Checking Yampa/Ladore river for available dates between 2023-07-02 and 2023-09-01","service":"user-service"}
{"level":"info","message":"Checking Yampa/Ladore river for available dates between 2023-06-02 and 2023-09-01","service":"user-service"}
{"level":"info","message":"Checking Yampa/Ladore river for available dates between 2023-07-02 and 2023-09-01","service":"user-service"}
{"level":"info","message":"Checking Yampa/Ladore river for available dates between 2023-06-02 and 2023-09-01","service":"user-service"}
{"level":"info","message":"Checking Yampa/Ladore river for available dates between 2023-07-02 and 2023-09-01","service":"user-service"}
{"level":"info","message":"Checking Yampa/Ladore river for available dates between 2023-06-02 and 2023-09-01","service":"user-service"}
{"level":"info","message":"Checking Yampa/Ladore river for available dates between 2023-07-02 and 2023-09-01","service":"user-service"}
{"level":"info","message":"Checking Yampa/Ladore river for available dates between 2023-06-02 and 2023-09-01","service":"user-service"}
{"level":"info","message":"Checking Yampa/Ladore river for available dates between 2023-07-02 and 2023-09-01","service":"user-service"}
{"level":"info","message":"Checking Yampa/Ladore river for available dates between 2023-06-02 and 2023-09-01","service":"user-service"}
{"level":"info","message":"Checking Yampa/Ladore river for available dates between 2023-07-02 and 2023-09-01","service":"user-service"}
{"level":"info","message":"Checking Yampa/Ladore river for available dates between 2023-06-02 and 2023-09-01","service":"user-service"}
{"level":"info","message":"Checking Yampa/Ladore river for available dates between 2023-07-02 and 2023-09-01","service":"user-service"}
{"level":"info","message":"Checking Yampa/Ladore river for available dates between 2023-06-02 and 2023-09-01","service":"user-service"}
{"level":"info","message":"Checking Yampa/Ladore river for available dates between 2023-07-02 and 2023-09-01","service":"user-service"}
{"level":"info","message":"Checking Yampa/Ladore river for available dates between 2023-06-02 and 2023-09-01","service":"user-service"}
{"level":"info","message":"Checking Yampa/Ladore river for available dates between 2023-06-02 and 2023-09-01","service":"user-service"}
{"level":"info","message":"Checking Yampa/Ladore river for available dates between 2023-07-02 and 2023-09-01","service":"user-service"}
{"level":"info","message":"Checking Yampa/Ladore river for available dates between 2023-06-02 and 2023-09-01","service":"user-service"}
{"level":"info","message":"Checking Yampa/Ladore river for available dates between 2023-07-02 and 2023-09-01","service":"user-service"}
{"level":"info","message":"Checking Yampa/Ladore river for available dates between 2023-06-02 and 2023-09-01","service":"user-service"}
{"level":"info","message":"Checking Yampa/Ladore river for available dates between 2023-07-02 and 2023-09-01","service":"user-service"}
{"level":"info","message":"Checking Yampa/Ladore river for available dates between 2023-06-02 and 2023-09-01","service":"user-service"}
{"level":"info","message":"Checking Yampa/Ladore river for available dates between 2023-06-02 and 2023-09-01","service":"user-service"}
{"level":"info","message":"Checking Yampa/Ladore river for available dates between 2023-07-02 and 2023-09-01","service":"user-service"}
{"level":"info","message":"Checking Yampa/Ladore river for available dates between 2023-06-02 and 2023-09-01","service":"user-service"}
{"level":"info","message":"Checking Yampa/Ladore river for available dates between 2023-07-02 and 2023-09-01","service":"user-service"}
{"level":"info","message":"Checking Yampa/Ladore river for available dates between 2023-07-02 and 2023-09-01","service":"user-service"}
{"level":"info","message":"Checking Yampa/Ladore river for available dates between 2023-06-02 and 2023-09-01","service":"user-service"}
{"level":"info","message":"Checking Yampa/Ladore river for available dates between 2023-07-02 and 2023-09-01","service":"user-service"}
{"level":"info","message":"Checking Yampa/Ladore river for available dates between 2023-07-02 and 2023-09-01","service":"user-service"}
{"level":"info","message":"Checking Yampa/Ladore river for available dates between 2023-06-02 and 2023-09-01","service":"user-service"}
{"level":"info","message":"Checking Yampa/Ladore river for available dates between 2023-07-02 and 2023-09-01","service":"user-service"}
{"level":"info","message":"Checking Yampa/Ladore river for available dates between 2023-06-02 and 2023-09-01","service":"user-service"}
{"level":"info","message":"Checking Yampa/Ladore river for available dates between 2023-06-02 and 2023-09-01","service":"user-service"}
{"level":"info","message":"Checking Yampa/Ladore river for available dates between 2023-07-02 and 2023-09-01","service":"user-service"}
{"level":"info","message":"Checking Yampa/Ladore river for available dates between 2023-06-02 and 2023-09-01","service":"user-service"}
{"level":"info","message":"Checking Yampa/Ladore river for available dates between 2023-07-02 and 2023-09-01","service":"user-service"}
{"level":"info","message":"Checking Yampa/Ladore river for available dates between 2023-07-02 and 2023-09-01","service":"user-service"}
{"level":"info","message":"Checking Yampa/Ladore river for available dates between 2023-06-02 and 2023-09-01","service":"user-service"}
{"level":"info","message":"Checking Yampa/Ladore river for available dates between 2023-06-02 and 2023-09-01","service":"user-service"}
{"level":"info","message":"Checking Yampa/Ladore river for available dates between 2023-07-02 and 2023-09-01","service":"user-service"}
{"level":"info","message":"Checking Yampa/Ladore river for available dates between 2023-06-02 and 2023-09-01","service":"user-service"}
{"level":"info","message":"Checking Yampa/Ladore river for available dates between 2023-07-02 and 2023-09-01","service":"user-service"}
{"level":"info","message":"Checking Yampa/Ladore river for available dates between 2023-06-02 and 2023-09-01","service":"user-service"}
{"level":"info","message":"Checking Yampa/Ladore river for available dates between 2023-07-02 and 2023-09-01","service":"user-service"}
{"level":"info","message":"Checking Yampa/Ladore river for available dates between 2023-07-02 and 2023-09-01","service":"user-service"}
{"level":"info","message":"Checking Yampa/Ladore river for available dates between 2023-06-02 and 2023-09-01","service":"user-service"}
{"level":"info","message":"Checking Yampa/Ladore river for available dates between 2023-07-02 and 2023-09-01","service":"user-service"}
{"level":"info","message":"Checking Yampa/Ladore river for available dates between 2023-07-02 and 2023-09-01","service":"user-service"}
{"level":"info","message":"Checking Yampa/Ladore river for available dates between 2023-06-02 and 2023-09-01","service":"user-service"}
{"level":"info","message":"Checking Yampa/Ladore river for available dates between 2023-06-02 and 2023-09-01","service":"user-service"}
{"level":"info","message":"Checking Yampa/Ladore river for available dates between 2023-07-02 and 2023-09-01","service":"user-service"}
{"level":"info","message":"Checking Yampa/Ladore river for available dates between 2023-06-02 and 2023-09-01","service":"user-service"}
{"level":"info","message":"Checking Yampa/Ladore river for available dates between 2023-07-02 and 2023-09-01","service":"user-service"}
{"level":"info","message":"Checking Yampa/Ladore river for available dates between 2023-06-02 and 2023-09-01","service":"user-service"}
{"level":"info","message":"Checking Yampa/Ladore river for available dates between 2023-07-02 and 2023-09-01","service":"user-service"}
{"level":"info","message":"Checking Yampa/Ladore river for available dates between 2023-07-02 and 2023-09-01","service":"user-service"}
{"level":"info","message":"Checking Yampa/Ladore river for available dates between 2023-06-02 and 2023-09-01","service":"user-service"}
{"level":"info","message":"Checking Yampa/Ladore river for available dates between 2023-07-02 and 2023-09-01","service":"user-service"}
{"level":"info","message":"Checking Yampa/Ladore river for available dates between 2023-06-02 and 2023-09-01","service":"user-service"}
{"level":"info","message":"Checking Yampa/Ladore river for available dates between 2023-06-02 and 2023-09-01","service":"user-service"}
{"level":"info","message":"Checking Yampa/Ladore river for available dates between 2023-07-02 and 2023-09-01","service":"user-service"}
{"level":"info","message":"Checking Yampa/Ladore river for available dates between 2023-06-02 and 2023-09-01","service":"user-service"}
{"level":"info","message":"Checking Yampa/Ladore river for available dates between 2023-07-02 and 2023-09-01","service":"user-service"}
{"level":"info","message":"Checking Yampa/Ladore river for available dates between 2023-06-02 and 2023-09-01","service":"user-service"}
{"level":"info","message":"Checking Yampa/Ladore river for available dates between 2023-07-02 and 2023-09-01","service":"user-service"}
{"level":"info","message":"Checking Yampa/Ladore river for available dates between 2023-06-02 and 2023-09-01","service":"user-service"}
{"level":"info","message":"Checking Yampa/Ladore river for available dates between 2023-06-02 and 2023-09-01","service":"user-service"}
{"level":"info","message":"Checking Yampa/Ladore river for available dates between 2023-07-02 and 2023-09-01","service":"user-service"}
{"level":"info","message":"Checking Yampa/Ladore river for available dates between 2023-06-02 and 2023-09-01","service":"user-service"}
{"level":"info","message":"Checking Yampa/Ladore river for available dates between 2023-07-02 and 2023-09-01","service":"user-service"}
{"level":"info","message":"Checking Yampa/Ladore river for available dates between 2023-06-02 and 2023-09-01","service":"user-service"}
{"level":"info","message":"Checking Yampa/Ladore river for available dates between 2023-07-02 and 2023-09-01","service":"user-service"}
{"level":"info","message":"Checking Yampa/Ladore river for available dates between 2023-06-02 and 2023-09-01","service":"user-service"}
{"level":"info","message":"Checking Yampa/Ladore river for available dates between 2023-07-02 and 2023-09-01","service":"user-service"}
{"level":"info","message":"Checking Yampa/Ladore river for available dates between 2023-06-02 and 2023-09-01","service":"user-service"}
{"level":"info","message":"Checking Yampa/Ladore river for available dates between 2023-06-02 and 2023-09-01","service":"user-service"}
{"level":"info","message":"Checking Yampa/Ladore river for available dates between 2023-07-02 and 2023-09-01","service":"user-service"}
{"level":"info","message":"Checking Yampa/Ladore river for available dates between 2023-07-02 and 2023-09-01","service":"user-service"}
{"level":"info","message":"Checking Yampa/Ladore river for available dates between 2023-06-02 and 2023-09-01","service":"user-service"}
{"level":"info","message":"Checking Yampa/Ladore river for available dates between 2023-06-02 and 2023-09-01","service":"user-service"}
{"level":"info","message":"Checking Yampa/Ladore river for available dates between 2023-07-02 and 2023-09-01","service":"user-service"}
{"level":"info","message":"Checking Yampa/Ladore river for available dates between 2023-06-02 and 2023-09-01","service":"user-service"}
{"level":"info","message":"Checking Yampa/Ladore river for available dates between 2023-07-02 and 2023-09-01","service":"user-service"}
{"level":"info","message":"Checking Yampa/Ladore river for available dates between 2023-06-02 and 2023-09-01","service":"user-service"}
{"level":"info","message":"Checking Yampa/Ladore river for available dates between 2023-07-02 and 2023-09-01","service":"user-service"}
{"level":"info","message":"Checking Yampa/Ladore river for available dates between 2023-06-02 and 2023-09-01","service":"user-service"}
{"level":"info","message":"Checking Yampa/Ladore river for available dates between 2023-07-02 and 2023-09-01","service":"user-service"}
{"level":"info","message":"Checking Yampa/Ladore river for available dates between 2023-06-02 and 2023-09-01","service":"user-service"}
{"level":"info","message":"Checking Yampa/Ladore river for available dates between 2023-07-02 and 2023-09-01","service":"user-service"}
{"level":"info","message":"Checking Yampa/Ladore river for available dates between 2023-06-02 and 2023-09-01","service":"user-service"}
{"level":"info","message":"Checking Yampa/Ladore river for available dates between 2023-07-02 and 2023-09-01","service":"user-service"}
{"level":"info","message":"Checking Yampa/Ladore river for available dates between 2023-06-02 and 2023-09-01","service":"user-service"}
{"level":"info","message":"Checking Yampa/Ladore river for available dates between 2023-07-02 and 2023-09-01","service":"user-service"}
{"level":"info","message":"Checking Yampa/Ladore river for available dates between 2023-06-02 and 2023-09-01","service":"user-service"}
{"level":"info","message":"Checking Yampa/Ladore river for available dates between 2023-07-02 and 2023-09-01","service":"user-service"}
{"level":"info","message":"Checking Yampa/Ladore river for available dates between 2023-06-02 and 2023-09-01","service":"user-service"}
{"level":"info","message":"Checking Yampa/Ladore river for available dates between 2023-07-02 and 2023-09-01","service":"user-service"}
{"level":"info","message":"Checking Yampa/Ladore river for available dates between 2023-07-02 and 2023-09-01","service":"user-service"}
{"level":"info","message":"Checking Yampa/Ladore river for available dates between 2023-06-02 and 2023-09-01","service":"user-service"}
{"level":"info","message":"Checking Yampa/Ladore river for available dates between 2023-07-02 and 2023-09-01","service":"user-service"}
{"level":"info","message":"Checking Yampa/Ladore river for available dates between 2023-06-02 and 2023-09-01","service":"user-service"}
{"level":"info","message":"Checking Yampa/Ladore river for available dates between 2023-07-02 and 2023-09-01","service":"user-service"}
{"level":"info","message":"Checking Yampa/Ladore river for available dates between 2023-06-02 and 2023-09-01","service":"user-service"}
{"level":"info","message":"Checking Yampa/Ladore river for available dates between 2023-07-02 and 2023-09-01","service":"user-service"}
{"level":"info","message":"Checking Yampa/Ladore river for available dates between 2023-06-02 and 2023-09-01","service":"user-service"}
{"level":"info","message":"Checking Yampa/Ladore river for available dates between 2023-07-02 and 2023-09-01","service":"user-service"}
{"level":"info","message":"Checking Yampa/Ladore river for available dates between 2023-06-02 and 2023-09-01","service":"user-service"}
{"level":"info","message":"Checking Yampa/Ladore river for available dates between 2023-07-02 and 2023-09-01","service":"user-service"}
{"level":"info","message":"Checking Yampa/Ladore river for available dates between 2023-06-02 and 2023-09-01","service":"user-service"}
{"level":"info","message":"Checking Yampa/Ladore river for available dates between 2023-06-02 and 2023-09-01","service":"user-service"}
{"level":"info","message":"Checking Yampa/Ladore river for available dates between 2023-07-02 and 2023-09-01","service":"user-service"}
{"level":"info","message":"Checking Yampa/Ladore river for available dates between 2023-07-02 and 2023-09-01","service":"user-service"}
{"level":"info","message":"Checking Yampa/Ladore river for available dates between 2023-06-02 and 2023-09-01","service":"user-service"}
{"level":"info","message":"Checking Yampa/Ladore river for available dates between 2023-07-02 and 2023-09-01","service":"user-service"}
{"level":"info","message":"Checking Yampa/Ladore river for available dates between 2023-06-02 and 2023-09-01","service":"user-service"}
{"level":"info","message":"Checking Yampa/Ladore river for available dates between 2023-07-02 and 2023-09-01","service":"user-service"}
{"level":"info","message":"Checking Yampa/Ladore river for available dates between 2023-06-02 and 2023-09-01","service":"user-service"}
{"level":"info","message":"Checking Yampa/Ladore river for available dates between 2023-07-02 and 2023-09-01","service":"user-service"}
{"level":"info","message":"Checking Yampa/Ladore river for available dates between 2023-07-02 and 2023-09-01","service":"user-service"}
{"level":"info","message":"Checking Yampa/Ladore river for available dates between 2023-06-02 and 2023-09-01","service":"user-service"}
{"level":"info","message":"Checking Yampa/Ladore river for available dates between 2023-06-02 and 2023-09-01","service":"user-service"}
{"level":"info","message":"Checking Yampa/Ladore river for available dates between 2023-07-02 and 2023-09-01","service":"user-service"}
{"level":"info","message":"Checking Yampa/Ladore river for available dates between 2023-06-02 and 2023-09-01","service":"user-service"}
{"level":"info","message":"Checking Yampa/Ladore river for available dates between 2023-07-02 and 2023-09-01","service":"user-service"}
{"level":"info","message":"Checking Yampa/Ladore river for available dates between 2023-06-02 and 2023-09-01","service":"user-service"}
{"level":"info","message":"Checking Yampa/Ladore river for available dates between 2023-07-02 and 2023-09-01","service":"user-service"}
{"level":"info","message":"Checking Yampa/Ladore river for available dates between 2023-06-02 and 2023-09-01","service":"user-service"}
{"level":"info","message":"Checking Yampa/Ladore river for available dates between 2023-07-02 and 2023-09-01","service":"user-service"}
{"level":"info","message":"Checking Yampa/Ladore river for available dates between 2023-06-02 and 2023-09-01","service":"user-service"}
{"level":"info","message":"Checking Yampa/Ladore river for available dates between 2023-07-02 and 2023-09-01","service":"user-service"}
{"level":"info","message":"Checking Yampa/Ladore river for available dates between 2023-06-02 and 2023-09-01","service":"user-service"}
{"level":"info","message":"Checking Yampa/Ladore river for available dates between 2023-06-02 and 2023-09-01","service":"user-service"}
{"level":"info","message":"Checking Yampa/Ladore river for available dates between 2023-07-02 and 2023-09-01","service":"user-service"}
{"level":"info","message":"Checking Yampa/Ladore river for available dates between 2023-06-02 and 2023-09-01","service":"user-service"}
{"level":"info","message":"Checking Yampa/Ladore river for available dates between 2023-07-02 and 2023-09-01","service":"user-service"}
{"level":"info","message":"Checking Yampa/Ladore river for available dates between 2023-06-02 and 2023-09-01","service":"user-service"}
{"level":"info","message":"Checking Yampa/Ladore river for available dates between 2023-07-02 and 2023-09-01","service":"user-service"}
{"level":"info","message":"Checking Yampa/Ladore river for available dates between 2023-07-02 and 2023-09-01","service":"user-service"}
{"level":"info","message":"Checking Yampa/Ladore river for available dates between 2023-06-02 and 2023-09-01","service":"user-service"}
{"level":"info","message":"Checking Yampa/Ladore river for available dates between 2023-06-02 and 2023-09-01","service":"user-service"}
{"level":"info","message":"Checking Yampa/Ladore river for available dates between 2023-07-02 and 2023-09-01","service":"user-service"}
{"level":"info","message":"Checking Yampa/Ladore river for available dates between 2023-06-02 and 2023-09-01","service":"user-service"}
{"level":"info","message":"Checking Yampa/Ladore river for available dates between 2023-06-02 and 2023-09-01","service":"user-service"}
{"level":"info","message":"Checking Yampa/Ladore river for available dates between 2023-07-02 and 2023-09-01","service":"user-service"}
{"level":"info","message":"Checking Yampa/Ladore river for available dates between 2023-06-02 and 2023-09-01","service":"user-service"}
{"level":"info","message":"Checking Yampa/Ladore river for available dates between 2023-07-02 and 2023-09-01","service":"user-service"}
{"level":"info","message":"Checking Yampa/Ladore river for available dates between 2023-06-02 and 2023-09-01","service":"user-service"}
{"level":"info","message":"Checking Yampa/Ladore river for available dates between 2023-07-02 and 2023-09-01","service":"user-service"}
{"level":"info","message":"Checking Yampa/Ladore river for available dates between 2023-06-02 and 2023-09-01","service":"user-service"}
{"level":"info","message":"Checking Yampa/Ladore river for available dates between 2023-07-02 and 2023-09-01","service":"user-service"}
{"level":"info","message":"Checking Yampa/Ladore river for available dates between 2023-06-02 and 2023-09-01","service":"user-service"}
{"level":"info","message":"Checking Yampa/Ladore river for available dates between 2023-07-02 and 2023-09-01","service":"user-service"}
{"level":"info","message":"Checking Yampa/Ladore river for available dates between 2023-06-02 and 2023-09-01","service":"user-service"}
{"level":"info","message":"Checking Yampa/Ladore river for available dates between 2023-07-02 and 2023-09-01","service":"user-service"}
{"level":"info","message":"Checking Yampa/Ladore river for available dates between 2023-06-02 and 2023-09-01","service":"user-service"}
{"level":"info","message":"Checking Yampa/Ladore river for available dates between 2023-07-02 and 2023-09-01","service":"user-service"}
{"level":"info","message":"Checking Yampa/Ladore river for available dates between 2023-07-02 and 2023-09-01","service":"user-service"}
{"level":"info","message":"Checking Yampa/Ladore river for available dates between 2023-06-02 and 2023-09-01","service":"user-service"}
{"level":"info","message":"Checking Yampa/Ladore river for available dates between 2023-07-02 and 2023-09-01","service":"user-service"}
{"level":"info","message":"Checking Yampa/Ladore river for available dates between 2023-06-02 and 2023-09-01","service":"user-service"}
{"level":"info","message":"Checking Yampa/Ladore river for available dates between 2023-07-02 and 2023-09-01","service":"user-service"}
{"level":"info","message":"Checking Yampa/Ladore river for available dates between 2023-06-02 and 2023-09-01","service":"user-service"}
{"level":"info","message":"Checking Yampa/Ladore river for available dates between 2023-06-02 and 2023-09-01","service":"user-service"}
{"level":"info","message":"Checking Yampa/Ladore river for available dates between 2023-07-02 and 2023-09-01","service":"user-service"}
{"level":"info","message":"Checking Yampa/Ladore river for available dates between 2023-06-02 and 2023-09-01","service":"user-service"}
{"level":"info","message":"Checking Yampa/Ladore river for available dates between 2023-07-02 and 2023-09-01","service":"user-service"}
{"level":"info","message":"Checking Yampa/Ladore river for available dates between 2023-06-02 and 2023-09-01","service":"user-service"}
{"level":"info","message":"Checking Yampa/Ladore river for available dates between 2023-07-02 and 2023-09-01","service":"user-service"}
{"level":"info","message":"Checking Yampa/Ladore river for available dates between 2023-06-02 and 2023-09-01","service":"user-service"}
{"level":"info","message":"Checking Yampa/Ladore river for available dates between 2023-06-02 and 2023-09-01","service":"user-service"}
{"level":"info","message":"Checking Yampa/Ladore river for available dates between 2023-07-02 and 2023-09-01","service":"user-service"}
{"level":"info","message":"Checking Yampa/Ladore river for available dates between 2023-06-02 and 2023-09-01","service":"user-service"}
{"level":"info","message":"Checking Yampa/Ladore river for available dates between 2023-07-02 and 2023-09-01","service":"user-service"}
{"level":"info","message":"Checking Yampa/Ladore river for available dates between 2023-06-02 and 2023-09-01","service":"user-service"}
{"level":"info","message":"Checking Yampa/Ladore river for available dates between 2023-07-02 and 2023-09-01","service":"user-service"}
